Determining if the pthread_create exist failed with the following output:
Change Dir: /home/liliangbin/文档/ORB/cmake-build-debug/CMakeFiles/CMakeTmp

Run Build Command:"/usr/bin/make" "cmTC_23b25/fast"
/usr/bin/make -f CMakeFiles/cmTC_23b25.dir/build.make CMakeFiles/cmTC_23b25.dir/build
make[1]: Entering directory '/home/liliangbin/文档/ORB/cmake-build-debug/CMakeFiles/CMakeTmp'
Building C object CMakeFiles/cmTC_23b25.dir/CheckSymbolExists.c.o
/usr/bin/cc   -Wall  -O3 -march=native     -o CMakeFiles/cmTC_23b25.dir/CheckSymbolExists.c.o   -c /home/liliangbin/文档/ORB/cmake-build-debug/CMakeFiles/CMakeTmp/CheckSymbolExists.c
Linking C executable cmTC_23b25
/home/liliangbin/work/clion-2018.3.4/bin/cmake/linux/bin/cmake -E cmake_link_script CMakeFiles/cmTC_23b25.dir/link.txt --verbose=1
/usr/bin/cc   -Wall  -O3 -march=native      -rdynamic CMakeFiles/cmTC_23b25.dir/CheckSymbolExists.c.o  -o cmTC_23b25 
CMakeFiles/cmTC_23b25.dir/CheckSymbolExists.c.o：在函数‘main’中：
CheckSymbolExists.c:(.text.startup+0x6)：对‘pthread_create’未定义的引用
collect2: error: ld returned 1 exit status
CMakeFiles/cmTC_23b25.dir/build.make:86: recipe for target 'cmTC_23b25' failed
make[1]: *** [cmTC_23b25] Error 1
make[1]: Leaving directory '/home/liliangbin/文档/ORB/cmake-build-debug/CMakeFiles/CMakeTmp'
Makefile:121: recipe for target 'cmTC_23b25/fast' failed
make: *** [cmTC_23b25/fast] Error 2

File /home/liliangbin/文档/ORB/cmake-build-debug/CMakeFiles/CMakeTmp/CheckSymbolExists.c:
/* */
#include <pthread.h>

int main(int argc, char** argv)
{
  (void)argv;
#ifndef pthread_create
  return ((int*)(&pthread_create))[argc];
#else
  (void)argc;
  return 0;
#endif
}

Determining if the function pthread_create exists in the pthreads failed with the following output:
Change Dir: /home/liliangbin/文档/ORB/cmake-build-debug/CMakeFiles/CMakeTmp

Run Build Command:"/usr/bin/make" "cmTC_48584/fast"
/usr/bin/make -f CMakeFiles/cmTC_48584.dir/build.make CMakeFiles/cmTC_48584.dir/build
make[1]: Entering directory '/home/liliangbin/文档/ORB/cmake-build-debug/CMakeFiles/CMakeTmp'
Building C object CMakeFiles/cmTC_48584.dir/CheckFunctionExists.c.o
/usr/bin/cc   -Wall  -O3 -march=native  -DCHECK_FUNCTION_EXISTS=pthread_create   -o CMakeFiles/cmTC_48584.dir/CheckFunctionExists.c.o   -c /home/liliangbin/work/clion-2018.3.4/bin/cmake/linux/share/cmake-3.13/Modules/CheckFunctionExists.c
Linking C executable cmTC_48584
/home/liliangbin/work/clion-2018.3.4/bin/cmake/linux/bin/cmake -E cmake_link_script CMakeFiles/cmTC_48584.dir/link.txt --verbose=1
/usr/bin/cc   -Wall  -O3 -march=native  -DCHECK_FUNCTION_EXISTS=pthread_create    -rdynamic CMakeFiles/cmTC_48584.dir/CheckFunctionExists.c.o  -o cmTC_48584 -lpthreads 
/usr/bin/ld: 找不到 -lpthreads
collect2: error: ld returned 1 exit status
CMakeFiles/cmTC_48584.dir/build.make:86: recipe for target 'cmTC_48584' failed
make[1]: *** [cmTC_48584] Error 1
make[1]: Leaving directory '/home/liliangbin/文档/ORB/cmake-build-debug/CMakeFiles/CMakeTmp'
Makefile:121: recipe for target 'cmTC_48584/fast' failed
make: *** [cmTC_48584/fast] Error 2


