Determining if the pthread_create exist failed with the following output:
Change Dir: /home/liliangbin/work/catkin_ws/src/ORB_SLAM2/Examples/ROS/ORB_SLAM2/build/CMakeFiles/CMakeTmp

Run Build Command:"/usr/bin/make" "cmTC_f503b/fast"
/usr/bin/make -f CMakeFiles/cmTC_f503b.dir/build.make CMakeFiles/cmTC_f503b.dir/build
make[1]: Entering directory '/home/liliangbin/work/catkin_ws/src/ORB_SLAM2/Examples/ROS/ORB_SLAM2/build/CMakeFiles/CMakeTmp'
Building C object CMakeFiles/cmTC_f503b.dir/CheckSymbolExists.c.o
/usr/bin/cc     -o CMakeFiles/cmTC_f503b.dir/CheckSymbolExists.c.o   -c /home/liliangbin/work/catkin_ws/src/ORB_SLAM2/Examples/ROS/ORB_SLAM2/build/CMakeFiles/CMakeTmp/CheckSymbolExists.c
Linking C executable cmTC_f503b
/usr/bin/cmake -E cmake_link_script CMakeFiles/cmTC_f503b.dir/link.txt --verbose=1
/usr/bin/cc       CMakeFiles/cmTC_f503b.dir/CheckSymbolExists.c.o  -o cmTC_f503b -rdynamic 
CMakeFiles/cmTC_f503b.dir/CheckSymbolExists.c.o：在函数‘main’中：
CheckSymbolExists.c:(.text+0x16)：对‘pthread_create’未定义的引用
collect2: error: ld returned 1 exit status
CMakeFiles/cmTC_f503b.dir/build.make:97: recipe for target 'cmTC_f503b' failed
make[1]: *** [cmTC_f503b] Error 1
make[1]: Leaving directory '/home/liliangbin/work/catkin_ws/src/ORB_SLAM2/Examples/ROS/ORB_SLAM2/build/CMakeFiles/CMakeTmp'
Makefile:126: recipe for target 'cmTC_f503b/fast' failed
make: *** [cmTC_f503b/fast] Error 2

File /home/liliangbin/work/catkin_ws/src/ORB_SLAM2/Examples/ROS/ORB_SLAM2/build/CMakeFiles/CMakeTmp/CheckSymbolExists.c:
/* */
#include <pthread.h>

int main(int argc, char** argv)
{
  (void)argv;
#ifndef pthread_create
  return ((int*)(&pthread_create))[argc];
#else
  (void)argc;
  return 0;
#endif
}

Determining if the function pthread_create exists in the pthreads failed with the following output:
Change Dir: /home/liliangbin/work/catkin_ws/src/ORB_SLAM2/Examples/ROS/ORB_SLAM2/build/CMakeFiles/CMakeTmp

Run Build Command:"/usr/bin/make" "cmTC_f9820/fast"
/usr/bin/make -f CMakeFiles/cmTC_f9820.dir/build.make CMakeFiles/cmTC_f9820.dir/build
make[1]: Entering directory '/home/liliangbin/work/catkin_ws/src/ORB_SLAM2/Examples/ROS/ORB_SLAM2/build/CMakeFiles/CMakeTmp'
Building C object CMakeFiles/cmTC_f9820.dir/CheckFunctionExists.c.o
/usr/bin/cc    -DCHECK_FUNCTION_EXISTS=pthread_create   -o CMakeFiles/cmTC_f9820.dir/CheckFunctionExists.c.o   -c /usr/share/cmake-3.5/Modules/CheckFunctionExists.c
Linking C executable cmTC_f9820
/usr/bin/cmake -E cmake_link_script CMakeFiles/cmTC_f9820.dir/link.txt --verbose=1
/usr/bin/cc   -DCHECK_FUNCTION_EXISTS=pthread_create    CMakeFiles/cmTC_f9820.dir/CheckFunctionExists.c.o  -o cmTC_f9820 -rdynamic -lpthreads 
/usr/bin/ld: 找不到 -lpthreads
collect2: error: ld returned 1 exit status
CMakeFiles/cmTC_f9820.dir/build.make:97: recipe for target 'cmTC_f9820' failed
make[1]: *** [cmTC_f9820] Error 1
make[1]: Leaving directory '/home/liliangbin/work/catkin_ws/src/ORB_SLAM2/Examples/ROS/ORB_SLAM2/build/CMakeFiles/CMakeTmp'
Makefile:126: recipe for target 'cmTC_f9820/fast' failed
make: *** [cmTC_f9820/fast] Error 2


